AndriodExport/unityLibrary/build/intermediates/manifest_merge_blame_file/debug/manifest-merger-blame-debug-report.txt
1<?xml version="1.0" encoding="utf-8"?>
2<manifest xmlns:android="http://schemas.android.com/apk/res/android"
3    xmlns:tools="http://schemas.android.com/tools"
4    package="com.unity3d.player" >
5
6    <uses-sdk android:minSdkVersion="22" />
6-->src\main\AndroidManifest.xml
7
8    <uses-permission android:name="android.permission.INTERNET" />
8-->src\main\AndroidManifest.xml:3:3-65
8-->src\main\AndroidManifest.xml:3:20-62
9
10    <uses-feature android:glEsVersion="0x00030000" />
10-->src\main\AndroidManifest.xml:4:3-52
10-->src\main\AndroidManifest.xml:4:17-49
11    <uses-feature
11-->src\main\AndroidManifest.xml:5:3-91
12        android:name="android.hardware.vulkan.version"
12-->src\main\AndroidManifest.xml:5:17-63
13        android:required="false" />
13-->src\main\AndroidManifest.xml:5:64-88
14    <uses-feature
14-->src\main\AndroidManifest.xml:6:3-88
15        android:name="android.hardware.touchscreen"
15-->src\main\AndroidManifest.xml:6:17-60
16        android:required="false" />
16-->src\main\AndroidManifest.xml:6:61-85
17    <uses-feature
17-->src\main\AndroidManifest.xml:7:3-99
18        android:name="android.hardware.touchscreen.multitouch"
18-->src\main\AndroidManifest.xml:7:17-71
19        android:required="false" />
19-->src\main\AndroidManifest.xml:7:72-96
20    <uses-feature
20-->src\main\AndroidManifest.xml:8:3-108
21        android:name="android.hardware.touchscreen.multitouch.distinct"
21-->src\main\AndroidManifest.xml:8:17-80
22        android:required="false" />
22-->src\main\AndroidManifest.xml:8:81-105
23
24    <uses-permission android:name="android.permission.POST_NOTIFICATIONS" />
24-->src\main\AndroidManifest.xml:32:3-75
24-->src\main\AndroidManifest.xml:32:20-72
25
26    <application android:extractNativeLibs="true" >
26-->src\main\AndroidManifest.xml:9:3-31:17
26-->src\main\AndroidManifest.xml:9:16-48
27        <meta-data
27-->src\main\AndroidManifest.xml:10:5-69
28            android:name="unity.splash-mode"
28-->src\main\AndroidManifest.xml:10:16-48
29            android:value="0" />
29-->src\main\AndroidManifest.xml:10:49-66
30        <meta-data
30-->src\main\AndroidManifest.xml:11:5-74
31            android:name="unity.splash-enable"
31-->src\main\AndroidManifest.xml:11:16-50
32            android:value="True" />
32-->src\main\AndroidManifest.xml:11:51-71
33        <meta-data
33-->src\main\AndroidManifest.xml:12:5-78
34            android:name="unity.launch-fullscreen"
34-->src\main\AndroidManifest.xml:12:16-54
35            android:value="True" />
35-->src\main\AndroidManifest.xml:12:55-75
36        <meta-data
36-->src\main\AndroidManifest.xml:13:5-84
37            android:name="unity.allow-resizable-window"
37-->src\main\AndroidManifest.xml:13:16-59
38            android:value="False" />
38-->src\main\AndroidManifest.xml:13:60-81
39        <meta-data
39-->src\main\AndroidManifest.xml:14:5-81
40            android:name="notch.config"
40-->src\main\AndroidManifest.xml:14:16-43
41            android:value="portrait|landscape" />
41-->src\main\AndroidManifest.xml:14:44-78
42        <meta-data
42-->src\main\AndroidManifest.xml:15:5-84
43            android:name="unity.auto-report-fully-drawn"
43-->src\main\AndroidManifest.xml:15:16-60
44            android:value="true" />
44-->src\main\AndroidManifest.xml:15:61-81
45
46        <activity
46-->src\main\AndroidManifest.xml:16:5-23:16
47            android:name="com.unity3d.player.UnityPlayerActivity"
47-->src\main\AndroidManifest.xml:16:15-68
48            android:configChanges="mcc|mnc|locale|touchscreen|keyboard|keyboardHidden|navigation|orientation|screenLayout|uiMode|screenSize|smallestScreenSize|fontScale|layoutDirection|density"
48-->src\main\AndroidManifest.xml:16:180-361
49            android:exported="true"
49-->src\main\AndroidManifest.xml:16:433-456
50            android:hardwareAccelerated="false"
50-->src\main\AndroidManifest.xml:16:397-432
51            android:launchMode="singleTask"
51-->src\main\AndroidManifest.xml:16:148-179
52            android:resizeableActivity="false"
52-->src\main\AndroidManifest.xml:16:362-396
53            android:screenOrientation="fullUser"
53-->src\main\AndroidManifest.xml:16:111-147
54            android:theme="@style/UnityThemeSelector" >
54-->src\main\AndroidManifest.xml:16:69-110
55            <intent-filter>
55-->src\main\AndroidManifest.xml:17:7-20:23
56                <category android:name="android.intent.category.LAUNCHER" />
56-->src\main\AndroidManifest.xml:18:9-69
56-->src\main\AndroidManifest.xml:18:19-66
57
58                <action android:name="android.intent.action.MAIN" />
58-->src\main\AndroidManifest.xml:19:9-61
58-->src\main\AndroidManifest.xml:19:17-58
59            </intent-filter>
60
61            <meta-data
61-->src\main\AndroidManifest.xml:21:7-82
62                android:name="unityplayer.UnityActivity"
62-->src\main\AndroidManifest.xml:21:18-58
63                android:value="true" />
63-->src\main\AndroidManifest.xml:21:59-79
64            <meta-data
64-->src\main\AndroidManifest.xml:22:7-70
65                android:name="notch_support"
65-->src\main\AndroidManifest.xml:22:18-46
66                android:value="true" />
66-->src\main\AndroidManifest.xml:22:47-67
67        </activity>
68
69        <receiver
69-->src\main\AndroidManifest.xml:24:5-113
70            android:name="com.unity.androidnotifications.UnityNotificationManager"
70-->src\main\AndroidManifest.xml:24:15-85
71            android:exported="false" />
71-->src\main\AndroidManifest.xml:24:86-110
72        <receiver
72-->src\main\AndroidManifest.xml:25:5-29:16
73            android:name="com.unity.androidnotifications.UnityNotificationRestartOnBootReceiver"
73-->src\main\AndroidManifest.xml:25:15-99
74            android:enabled="false"
74-->src\main\AndroidManifest.xml:25:100-123
75            android:exported="false" >
75-->src\main\AndroidManifest.xml:25:124-148
76            <intent-filter>
76-->src\main\AndroidManifest.xml:26:7-28:23
77                <action android:name="android.intent.action.BOOT_COMPLETED" />
77-->src\main\AndroidManifest.xml:27:9-71
77-->src\main\AndroidManifest.xml:27:17-68
78            </intent-filter>
79        </receiver>
80
81        <meta-data
81-->src\main\AndroidManifest.xml:30:5-99
82            android:name="com.unity.androidnotifications.exact_scheduling"
82-->src\main\AndroidManifest.xml:30:16-78
83            android:value="0" />
83-->src\main\AndroidManifest.xml:30:79-96
84    </application>
85
86</manifest>